2025-06-02T04:09:03.245Z [warn]: SLOW API: [POST] /Squareoff - 222ms
2025-06-02T05:09:29.957Z [warn]: SLOW API: [POST] /admin/AddUser - 302ms
2025-06-05T06:24:11.344Z [warn]: SLOW API: [POST] /admin/message - 300ms
2025-06-05T07:10:07.971Z [warn]: SLOW API: [POST] /superadmin/getAdminDetail - 297ms
2025-06-05T09:01:33.642Z [warn]: SLOW API: [POST] /broadcastmessage - 366ms
2025-06-06T05:07:29.155Z [warn]: SLOW API: [POST] /getPosition_detail - 807ms
2025-06-06T07:10:17.555Z [warn]: SLOW API: [POST] /getPosition_detail - 37531ms
2025-06-06T11:33:30.172Z [warn]: SLOW API: [GET] /getCompany - 350ms
2025-06-06T11:33:30.259Z [warn]: SLOW API: [GET] /getAdminName - 317ms
2025-06-06T11:33:30.352Z [warn]: SLOW API: [POST] /getPosition_detail - 405ms
2025-06-06T11:33:30.429Z [warn]: SLOW API: [POST] /getbroadcastmessageforuser - 499ms
2025-06-07T04:42:49.685Z [warn]: SLOW API: [POST] /admin/getuserpaymentstatus - 1559ms
2025-06-07T04:43:15.216Z [warn]: SLOW API: [POST] /admin/getuserpaymentstatus - 820ms
2025-06-07T04:43:24.438Z [warn]: SLOW API: [POST] /admin/getuserpaymentstatus - 604ms
2025-06-09T03:48:40.363Z [warn]: SLOW API: [POST] /superadmin/getAdminDetail - 237ms
2025-06-09T05:22:54.698Z [warn]: SLOW API: [GET] /GetConditions - 3680ms
2025-06-09T06:18:28.078Z [warn]: SLOW API: [POST] /admin/AddUser - 260ms
2025-06-09T11:21:32.926Z [warn]: SLOW API: [POST] /gettradehistory - 233ms
2025-06-09T11:21:32.956Z [warn]: SLOW API: [POST] /gettradehistory - 221ms
2025-06-09T11:21:38.700Z [warn]: SLOW API: [POST] /gettradehistory - 216ms
2025-06-09T11:21:38.788Z [warn]: SLOW API: [POST] /gettradehistory - 249ms
2025-06-09T11:21:44.105Z [warn]: SLOW API: [POST] /gettradehistory - 291ms
2025-06-09T11:22:32.743Z [warn]: SLOW API: [POST] /gettradehistory - 238ms
2025-06-09T11:22:32.885Z [warn]: SLOW API: [POST] /gettradehistory - 330ms
2025-06-09T12:08:53.206Z [warn]: SLOW API: [POST] /getclienttradehistory - 237ms
2025-06-09T12:08:53.221Z [warn]: SLOW API: [POST] /gettradehistory - 237ms
2025-06-09T12:08:53.226Z [warn]: SLOW API: [GET] /getCompany - 267ms
2025-06-09T12:08:53.307Z [warn]: SLOW API: [POST] /getbroadcastmessageforuser - 344ms
2025-06-09T12:08:53.395Z [warn]: SLOW API: [POST] /gettradehistory - 447ms
2025-06-09T12:08:55.133Z [warn]: SLOW API: [POST] /gettradehistory - 236ms
2025-06-09T12:08:55.322Z [warn]: SLOW API: [POST] /getclienttradehistory - 414ms
2025-06-09T12:09:20.116Z [warn]: SLOW API: [POST] /gettradehistory - 220ms
2025-06-09T12:09:20.220Z [warn]: SLOW API: [POST] /gettradehistory - 265ms
2025-06-09T12:09:23.107Z [warn]: SLOW API: [POST] /gettradehistory - 210ms
2025-06-09T12:09:38.390Z [warn]: SLOW API: [POST] /gettradehistory - 242ms
2025-06-09T12:09:38.444Z [warn]: SLOW API: [POST] /gettradehistory - 234ms
2025-06-09T12:10:12.122Z [warn]: SLOW API: [POST] /getclienttradehistory - 221ms
2025-06-09T12:10:17.121Z [warn]: SLOW API: [POST] /getclienttradehistory - 222ms
2025-06-09T12:10:36.340Z [warn]: SLOW API: [POST] /getclienttradehistory - 438ms
2025-06-09T12:10:43.345Z [warn]: SLOW API: [POST] /getclienttradehistory - 424ms
2025-06-09T12:10:55.138Z [warn]: SLOW API: [POST] /getclienttradehistory - 222ms
2025-06-09T12:10:59.157Z [warn]: SLOW API: [POST] /getclienttradehistory - 254ms
2025-06-09T12:13:18.151Z [warn]: SLOW API: [POST] /getclienttradehistory - 241ms
2025-06-09T12:13:20.315Z [warn]: SLOW API: [POST] /getclienttradehistory - 229ms
2025-06-09T12:13:42.015Z [warn]: SLOW API: [POST] /getclienttradehistory - 228ms
2025-06-09T12:13:53.729Z [warn]: SLOW API: [POST] /getclienttradehistory - 290ms
2025-06-09T12:13:58.367Z [warn]: SLOW API: [POST] /getclienttradehistory - 451ms
2025-06-09T12:14:12.137Z [warn]: SLOW API: [POST] /getclienttradehistory - 300ms
2025-06-11T08:49:08.994Z [warn]: SLOW API: [POST] /login - 228ms
2025-06-11T08:49:10.849Z [warn]: SLOW API: [POST] /getbroadcastmessageforuser - 259ms
2025-06-11T08:49:11.323Z [warn]: SLOW API: [GET] /getCompany - 724ms
2025-06-11T08:49:20.742Z [warn]: SLOW API: [GET] /getCompany - 225ms
2025-06-11T09:16:51.888Z [warn]: SLOW API: [GET] /GetNews - 897ms
2025-06-11T09:18:17.731Z [warn]: SLOW API: [POST] /Squareoff - 245ms
2025-06-11T09:21:52.569Z [warn]: SLOW API: [GET] /GetNews - 831ms
2025-06-11T09:41:34.111Z [warn]: SLOW API: [POST] /broadcastmessage - 340ms
2025-06-11T09:45:43.995Z [warn]: SLOW API: [POST] /broadcastmessage - 297ms
2025-06-11T09:47:20.643Z [warn]: SLOW API: [POST] /broadcastmessage - 290ms
2025-06-11T09:50:51.580Z [warn]: SLOW API: [POST] /broadcastmessage - 555ms
2025-06-11T10:19:57.169Z [warn]: SLOW API: [POST] /broadcastmessage - 394ms
2025-06-11T10:21:08.547Z [warn]: SLOW API: [POST] /broadcastmessage - 773ms
2025-06-11T10:22:06.183Z [warn]: SLOW API: [POST] /broadcastmessage - 674ms
2025-06-11T10:29:43.419Z [warn]: SLOW API: [POST] /Squareoff - 217ms
2025-06-11T11:37:51.788Z [warn]: SLOW API: [GET] /getCompany - 229ms
2025-06-11T12:13:44.126Z [warn]: SLOW API: [POST] /admin/AddUser - 259ms
2025-06-11T12:38:29.301Z [warn]: SLOW API: [POST] /broadcastmessage - 659ms
2025-06-11T12:43:09.514Z [warn]: SLOW API: [GET] /GetNews - 899ms
2025-06-11T13:24:11.949Z [warn]: SLOW API: [POST] /Squareoff - 217ms
2025-06-14T09:53:08.836Z [warn]: SLOW API: [POST] /getPosition_detail - 267ms
2025-06-14T09:53:09.100Z [warn]: SLOW API: [POST] /getPosition_detail - 531ms
2025-06-14T10:10:16.836Z [warn]: SLOW API: [POST] /switchOrderType - 240ms
